# JRE version: OpenJDK Runtime Environment (8.0_212-b04) (build 1.8.0_212-release-1586-b04)
# Java VM: OpenJDK 64-Bit Server VM (25.212-b04 mixed mode windows-amd64 compressed oops)
Heap:
 PSYoungGen      total 205312K, used 202808K [0x00000000e0000000, 0x00000000f0080000, 0x0000000100000000)
  eden space 182784K, 100% used [0x00000000e0000000,0x00000000eb280000,0x00000000eb280000)
  from space 22528K, 88% used [0x00000000eb280000,0x00000000ec60e140,0x00000000ec880000)
  to   space 24576K, 99% used [0x00000000ee880000,0x00000000f0079f88,0x00000000f0080000)
 ParOldGen       total 138752K, used 49056K [0x00000000a0000000, 0x00000000a8780000, 0x00000000e0000000)
  object space 138752K, 35% used [0x00000000a0000000,0x00000000a2fea148,0x00000000a8780000)
 Metaspace       used 86311K, capacity 89978K, committed 90072K, reserved 1126400K
  class space    used 11431K, capacity 12156K, committed 12248K, reserved 1048576K
GC Heap History (10 events):
Event: 7.554 GC heap after
Heap after GC invocations=14 (full 2):
 PSYoungGen      total 176128K, used 10851K [0x00000000e0000000, 0x00000000ec500000, 0x0000000100000000)
  eden space 160256K, 0% used [0x00000000e0000000,0x00000000e0000000,0x00000000e9c80000)
  from space 15872K, 68% used [0x00000000eac00000,0x00000000eb698eb8,0x00000000ebb80000)
  to   space 15872K, 0% used [0x00000000e9c80000,0x00000000e9c80000,0x00000000eac00000)
 ParOldGen       total 93696K, used 25172K [0x00000000a0000000, 0x00000000a5b80000, 0x00000000e0000000)
  object space 93696K, 26% used [0x00000000a0000000,0x00000000a18951f0,0x00000000a5b80000)
 Metaspace       used 57116K, capacity 59054K, committed 59096K, reserved 1099776K
  class space    used 7920K, capacity 8368K, committed 8408K, reserved 1048576K
}
Event: 7.554 GC heap before
{Heap before GC invocations=15 (full 3):
 PSYoungGen      total 176128K, used 10851K [0x00000000e0000000, 0x00000000ec500000, 0x0000000100000000)
  eden space 160256K, 0% used [0x00000000e0000000,0x00000000e0000000,0x00000000e9c80000)
  from space 15872K, 68% used [0x00000000eac00000,0x00000000eb698eb8,0x00000000ebb80000)
  to   space 15872K, 0% used [0x00000000e9c80000,0x00000000e9c80000,0x00000000eac00000)
 ParOldGen       total 93696K, used 25172K [0x00000000a0000000, 0x00000000a5b80000, 0x00000000e0000000)
  object space 93696K, 26% used [0x00000000a0000000,0x00000000a18951f0,0x00000000a5b80000)
 Metaspace       used 57116K, capacity 59054K, committed 59096K, reserved 1099776K
  class space    used 7920K, capacity 8368K, committed 8408K, reserved 1048576K
Event: 7.782 GC heap after
Heap after GC invocations=15 (full 3):
 PSYoungGen      total 176128K, used 0K [0x00000000e0000000, 0x00000000ec500000, 0x0000000100000000)
  eden space 160256K, 0% used [0x00000000e0000000,0x00000000e0000000,0x00000000e9c80000)
  from space 15872K, 0% used [0x00000000eac00000,0x00000000eac00000,0x00000000ebb80000)
  to   space 15872K, 0% used [0x00000000e9c80000,0x00000000e9c80000,0x00000000eac00000)
 ParOldGen       total 138752K, used 30951K [0x00000000a0000000, 0x00000000a8780000, 0x00000000e0000000)
  object space 138752K, 22% used [0x00000000a0000000,0x00000000a1e39f00,0x00000000a8780000)
 Metaspace       used 57031K, capacity 58828K, committed 59096K, reserved 1099776K
  class space    used 7892K, capacity 8317K, committed 8408K, reserved 1048576K
}
Event: 9.671 GC heap before
{Heap before GC invocations=16 (full 3):
 PSYoungGen      total 176128K, used 160256K [0x00000000e0000000, 0x00000000ec500000, 0x0000000100000000)
  eden space 160256K, 100% used [0x00000000e0000000,0x00000000e9c80000,0x00000000e9c80000)
  from space 15872K, 0% used [0x00000000eac00000,0x00000000eac00000,0x00000000ebb80000)
  to   space 15872K, 0% used [0x00000000e9c80000,0x00000000e9c80000,0x00000000eac00000)
 ParOldGen       total 138752K, used 30951K [0x00000000a0000000, 0x00000000a8780000, 0x00000000e0000000)
  object space 138752K, 22% used [0x00000000a0000000,0x00000000a1e39f00,0x00000000a8780000)
 Metaspace       used 62117K, capacity 64294K, committed 64344K, reserved 1103872K
  class space    used 8543K, capacity 9042K, committed 9048K, reserved 1048576K
Event: 9.683 GC heap after
Heap after GC invocations=16 (full 3):
 PSYoungGen      total 176128K, used 11433K [0x00000000e0000000, 0x00000000ed880000, 0x0000000100000000)
  eden space 160256K, 0% used [0x00000000e0000000,0x00000000e0000000,0x00000000e9c80000)
  from space 15872K, 72% used [0x00000000e9c80000,0x00000000ea7aa720,0x00000000eac00000)
  to   space 16384K, 0% used [0x00000000ec880000,0x00000000ec880000,0x00000000ed880000)
 ParOldGen       total 138752K, used 30959K [0x00000000a0000000, 0x00000000a8780000, 0x00000000e0000000)
  object space 138752K, 22% used [0x00000000a0000000,0x00000000a1e3bf00,0x00000000a8780000)
 Metaspace       used 62117K, capacity 64294K, committed 64344K, reserved 1103872K
  class space    used 8543K, capacity 9042K, committed 9048K, reserved 1048576K
}
Event: 12.206 GC heap before
{Heap before GC invocations=17 (full 3):
 PSYoungGen      total 176128K, used 171689K [0x00000000e0000000, 0x00000000ed880000, 0x0000000100000000)
  eden space 160256K, 100% used [0x00000000e0000000,0x00000000e9c80000,0x00000000e9c80000)
  from space 15872K, 72% used [0x00000000e9c80000,0x00000000ea7aa720,0x00000000eac00000)
  to   space 16384K, 0% used [0x00000000ec880000,0x00000000ec880000,0x00000000ed880000)
 ParOldGen       total 138752K, used 30959K [0x00000000a0000000, 0x00000000a8780000, 0x00000000e0000000)
  object space 138752K, 22% used [0x00000000a0000000,0x00000000a1e3bf00,0x00000000a8780000)
 Metaspace       used 75696K, capacity 78468K, committed 78808K, reserved 1118208K
  class space    used 10269K, capacity 10851K, committed 10968K, reserved 1048576K
Event: 12.245 GC heap after
Heap after GC invocations=17 (full 3):
 PSYoungGen      total 199168K, used 16371K [0x00000000e0000000, 0x00000000ee400000, 0x0000000100000000)
  eden space 182784K, 0% used [0x00000000e0000000,0x00000000e0000000,0x00000000eb280000)
  from space 16384K, 99% used [0x00000000ec880000,0x00000000ed87cf00,0x00000000ed880000)
  to   space 22528K, 0% used [0x00000000eb280000,0x00000000eb280000,0x00000000ec880000)
 ParOldGen       total 138752K, used 42424K [0x00000000a0000000, 0x00000000a8780000, 0x00000000e0000000)
  object space 138752K, 30% used [0x00000000a0000000,0x00000000a296e2c0,0x00000000a8780000)
 Metaspace       used 75696K, capacity 78468K, committed 78808K, reserved 1118208K
  class space    used 10269K, capacity 10851K, committed 10968K, reserved 1048576K
}
Event: 14.159 GC heap before
{Heap before GC invocations=18 (full 3):
 PSYoungGen      total 199168K, used 199155K [0x00000000e0000000, 0x00000000ee400000, 0x0000000100000000)
  eden space 182784K, 100% used [0x00000000e0000000,0x00000000eb280000,0x00000000eb280000)
  from space 16384K, 99% used [0x00000000ec880000,0x00000000ed87cf00,0x00000000ed880000)
  to   space 22528K, 0% used [0x00000000eb280000,0x00000000eb280000,0x00000000ec880000)
 ParOldGen       total 138752K, used 42424K [0x00000000a0000000, 0x00000000a8780000, 0x00000000e0000000)
  object space 138752K, 30% used [0x00000000a0000000,0x00000000a296e2c0,0x00000000a8780000)
 Metaspace       used 81746K, capacity 85218K, committed 85336K, reserved 1122304K
  class space    used 11132K, capacity 11798K, committed 11864K, reserved 1048576K
Event: 14.183 GC heap after
Heap after GC invocations=18 (full 3):
 PSYoungGen      total 205312K, used 20024K [0x00000000e0000000, 0x00000000f0080000, 0x0000000100000000)
  eden space 182784K, 0% used [0x00000000e0000000,0x00000000e0000000,0x00000000eb280000)
  from space 22528K, 88% used [0x00000000eb280000,0x00000000ec60e140,0x00000000ec880000)
  to   space 24576K, 0% used [0x00000000ee880000,0x00000000ee880000,0x00000000f0080000)
 ParOldGen       total 138752K, used 42432K [0x00000000a0000000, 0x00000000a8780000, 0x00000000e0000000)
  object space 138752K, 30% used [0x00000000a0000000,0x00000000a29702c0,0x00000000a8780000)
 Metaspace       used 81746K, capacity 85218K, committed 85336K, reserved 1122304K
  class space    used 11132K, capacity 11798K, committed 11864K, reserved 1048576K
}
Event: 133.981 GC heap before
{Heap before GC invocations=19 (full 3):
 PSYoungGen      total 205312K, used 202808K [0x00000000e0000000, 0x00000000f0080000, 0x0000000100000000)
  eden space 182784K, 100% used [0x00000000e0000000,0x00000000eb280000,0x00000000eb280000)
  from space 22528K, 88% used [0x00000000eb280000,0x00000000ec60e140,0x00000000ec880000)
  to   space 24576K, 0% used [0x00000000ee880000,0x00000000ee880000,0x00000000f0080000)
 ParOldGen       total 138752K, used 42432K [0x00000000a0000000, 0x00000000a8780000, 0x00000000e0000000)
  object space 138752K, 30% used [0x00000000a0000000,0x00000000a29702c0,0x00000000a8780000)
 Metaspace       used 86311K, capacity 89978K, committed 90072K, reserved 1126400K
  class space    used 11431K, capacity 12156K, committed 12248K, reserved 1048576K

