# JRE version: OpenJDK Runtime Environment (8.0_212-b04) (build 1.8.0_212-release-1586-b04)
# Java VM: OpenJDK 64-Bit Server VM (25.212-b04 mixed mode windows-amd64 compressed oops)
Heap:
 PSYoungGen      total 164352K, used 10747K [0x00000000e0000000, 0x00000000ede00000, 0x0000000100000000)
  eden space 123392K, 0% used [0x00000000e0000000,0x00000000e0000000,0x00000000e7880000)
  from space 40960K, 26% used [0x00000000e7880000,0x00000000e82fed00,0x00000000ea080000)
  to   space 40448K, 0% used [0x00000000eb680000,0x00000000eb680000,0x00000000ede00000)
 ParOldGen       total 156160K, used 81627K [0x00000000a0000000, 0x00000000a9880000, 0x00000000e0000000)
  object space 156160K, 52% used [0x00000000a0000000,0x00000000a4fb6dc0,0x00000000a9880000)
 Metaspace       used 92374K, capacity 98553K, committed 98600K, reserved 1134592K
  class space    used 12096K, capacity 13149K, committed 13184K, reserved 1048576K
GC Heap History (10 events):
Event: 5300.896 GC heap after
Heap after GC invocations=32 (full 3):
 PSYoungGen      total 161792K, used 31749K [0x00000000e0000000, 0x00000000ed580000, 0x0000000100000000)
  eden space 129536K, 0% used [0x00000000e0000000,0x00000000e0000000,0x00000000e7e80000)
  from space 32256K, 98% used [0x00000000e8180000,0x00000000ea0817a8,0x00000000ea100000)
  to   space 44544K, 0% used [0x00000000eaa00000,0x00000000eaa00000,0x00000000ed580000)
 ParOldGen       total 156160K, used 81379K [0x00000000a0000000, 0x00000000a9880000, 0x00000000e0000000)
  object space 156160K, 52% used [0x00000000a0000000,0x00000000a4f78db0,0x00000000a9880000)
 Metaspace       used 89208K, capacity 94043K, committed 94208K, reserved 1130496K
  class space    used 11581K, capacity 12443K, committed 12544K, reserved 1048576K
}
Event: 5668.518 GC heap before
{Heap before GC invocations=33 (full 3):
 PSYoungGen      total 161792K, used 161285K [0x00000000e0000000, 0x00000000ed580000, 0x0000000100000000)
  eden space 129536K, 100% used [0x00000000e0000000,0x00000000e7e80000,0x00000000e7e80000)
  from space 32256K, 98% used [0x00000000e8180000,0x00000000ea0817a8,0x00000000ea100000)
  to   space 44544K, 0% used [0x00000000eaa00000,0x00000000eaa00000,0x00000000ed580000)
 ParOldGen       total 156160K, used 81379K [0x00000000a0000000, 0x00000000a9880000, 0x00000000e0000000)
  object space 156160K, 52% used [0x00000000a0000000,0x00000000a4f78db0,0x00000000a9880000)
 Metaspace       used 89326K, capacity 94079K, committed 94208K, reserved 1130496K
  class space    used 11585K, capacity 12449K, committed 12544K, reserved 1048576K
Event: 5668.545 GC heap after
Heap after GC invocations=33 (full 3):
 PSYoungGen      total 165888K, used 16100K [0x00000000e0000000, 0x00000000ed080000, 0x0000000100000000)
  eden space 126464K, 0% used [0x00000000e0000000,0x00000000e0000000,0x00000000e7b80000)
  from space 39424K, 40% used [0x00000000eaa00000,0x00000000eb9b9278,0x00000000ed080000)
  to   space 43520K, 0% used [0x00000000e7b80000,0x00000000e7b80000,0x00000000ea600000)
 ParOldGen       total 156160K, used 81387K [0x00000000a0000000, 0x00000000a9880000, 0x00000000e0000000)
  object space 156160K, 52% used [0x00000000a0000000,0x00000000a4f7adb0,0x00000000a9880000)
 Metaspace       used 89326K, capacity 94079K, committed 94208K, reserved 1130496K
  class space    used 11585K, capacity 12449K, committed 12544K, reserved 1048576K
}
Event: 5669.283 GC heap before
{Heap before GC invocations=34 (full 3):
 PSYoungGen      total 165888K, used 142564K [0x00000000e0000000, 0x00000000ed080000, 0x0000000100000000)
  eden space 126464K, 100% used [0x00000000e0000000,0x00000000e7b80000,0x00000000e7b80000)
  from space 39424K, 40% used [0x00000000eaa00000,0x00000000eb9b9278,0x00000000ed080000)
  to   space 43520K, 0% used [0x00000000e7b80000,0x00000000e7b80000,0x00000000ea600000)
 ParOldGen       total 156160K, used 81387K [0x00000000a0000000, 0x00000000a9880000, 0x00000000e0000000)
  object space 156160K, 52% used [0x00000000a0000000,0x00000000a4f7adb0,0x00000000a9880000)
 Metaspace       used 89388K, capacity 94207K, committed 94464K, reserved 1130496K
  class space    used 11585K, capacity 12449K, committed 12544K, reserved 1048576K
Event: 5669.301 GC heap after
Heap after GC invocations=34 (full 3):
 PSYoungGen      total 169984K, used 13731K [0x00000000e0000000, 0x00000000ed580000, 0x0000000100000000)
  eden space 126464K, 0% used [0x00000000e0000000,0x00000000e0000000,0x00000000e7b80000)
  from space 43520K, 31% used [0x00000000e7b80000,0x00000000e88e8d98,0x00000000ea600000)
  to   space 42496K, 0% used [0x00000000eac00000,0x00000000eac00000,0x00000000ed580000)
 ParOldGen       total 156160K, used 81395K [0x00000000a0000000, 0x00000000a9880000, 0x00000000e0000000)
  object space 156160K, 52% used [0x00000000a0000000,0x00000000a4f7cdb0,0x00000000a9880000)
 Metaspace       used 89388K, capacity 94207K, committed 94464K, reserved 1130496K
  class space    used 11585K, capacity 12449K, committed 12544K, reserved 1048576K
}
Event: 9468.392 GC heap before
{Heap before GC invocations=35 (full 3):
 PSYoungGen      total 169984K, used 140195K [0x00000000e0000000, 0x00000000ed580000, 0x0000000100000000)
  eden space 126464K, 100% used [0x00000000e0000000,0x00000000e7b80000,0x00000000e7b80000)
  from space 43520K, 31% used [0x00000000e7b80000,0x00000000e88e8d98,0x00000000ea600000)
  to   space 42496K, 0% used [0x00000000eac00000,0x00000000eac00000,0x00000000ed580000)
 ParOldGen       total 156160K, used 81395K [0x00000000a0000000, 0x00000000a9880000, 0x00000000e0000000)
  object space 156160K, 52% used [0x00000000a0000000,0x00000000a4f7cdb0,0x00000000a9880000)
 Metaspace       used 92338K, capacity 98553K, committed 98600K, reserved 1134592K
  class space    used 12094K, capacity 13149K, committed 13184K, reserved 1048576K
Event: 9468.450 GC heap after
Heap after GC invocations=35 (full 3):
 PSYoungGen      total 152576K, used 15490K [0x00000000e0000000, 0x00000000ec880000, 0x0000000100000000)
  eden space 123392K, 0% used [0x00000000e0000000,0x00000000e0000000,0x00000000e7880000)
  from space 29184K, 53% used [0x00000000eac00000,0x00000000ebb20ba8,0x00000000ec880000)
  to   space 40960K, 0% used [0x00000000e7880000,0x00000000e7880000,0x00000000ea080000)
 ParOldGen       total 156160K, used 81403K [0x00000000a0000000, 0x00000000a9880000, 0x00000000e0000000)
  object space 156160K, 52% used [0x00000000a0000000,0x00000000a4f7edb0,0x00000000a9880000)
 Metaspace       used 92338K, capacity 98553K, committed 98600K, reserved 1134592K
  class space    used 12094K, capacity 13149K, committed 13184K, reserved 1048576K
}
Event: 9468.469 GC heap before
{Heap before GC invocations=36 (full 3):
 PSYoungGen      total 152576K, used 17265K [0x00000000e0000000, 0x00000000ec880000, 0x0000000100000000)
  eden space 123392K, 1% used [0x00000000e0000000,0x00000000e01bba10,0x00000000e7880000)
  from space 29184K, 53% used [0x00000000eac00000,0x00000000ebb20ba8,0x00000000ec880000)
  to   space 40960K, 0% used [0x00000000e7880000,0x00000000e7880000,0x00000000ea080000)
 ParOldGen       total 156160K, used 81403K [0x00000000a0000000, 0x00000000a9880000, 0x00000000e0000000)
  object space 156160K, 52% used [0x00000000a0000000,0x00000000a4f7edb0,0x00000000a9880000)
 Metaspace       used 92374K, capacity 98553K, committed 98600K, reserved 1134592K
  class space    used 12096K, capacity 13149K, committed 13184K, reserved 1048576K
Event: 9468.489 GC heap after
Heap after GC invocations=36 (full 3):
 PSYoungGen      total 164352K, used 10747K [0x00000000e0000000, 0x00000000ede00000, 0x0000000100000000)
  eden space 123392K, 0% used [0x00000000e0000000,0x00000000e0000000,0x00000000e7880000)
  from space 40960K, 26% used [0x00000000e7880000,0x00000000e82fed00,0x00000000ea080000)
  to   space 40448K, 0% used [0x00000000eb680000,0x00000000eb680000,0x00000000ede00000)
 ParOldGen       total 156160K, used 81627K [0x00000000a0000000, 0x00000000a9880000, 0x00000000e0000000)
  object space 156160K, 52% used [0x00000000a0000000,0x00000000a4fb6dc0,0x00000000a9880000)
 Metaspace       used 92374K, capacity 98553K, committed 98600K, reserved 1134592K
  class space    used 12096K, capacity 13149K, committed 13184K, reserved 1048576K
}
Event: 9468.489 GC heap before
{Heap before GC invocations=37 (full 4):
 PSYoungGen      total 164352K, used 10747K [0x00000000e0000000, 0x00000000ede00000, 0x0000000100000000)
  eden space 123392K, 0% used [0x00000000e0000000,0x00000000e0000000,0x00000000e7880000)
  from space 40960K, 26% used [0x00000000e7880000,0x00000000e82fed00,0x00000000ea080000)
  to   space 40448K, 0% used [0x00000000eb680000,0x00000000eb680000,0x00000000ede00000)
 ParOldGen       total 156160K, used 81627K [0x00000000a0000000, 0x00000000a9880000, 0x00000000e0000000)
  object space 156160K, 52% used [0x00000000a0000000,0x00000000a4fb6dc0,0x00000000a9880000)
 Metaspace       used 92374K, capacity 98553K, committed 98600K, reserved 1134592K
  class space    used 12096K, capacity 13149K, committed 13184K, reserved 1048576K

