# JRE version: OpenJDK Runtime Environment (8.0_212-b04) (build 1.8.0_212-release-1586-b04)
# Java VM: OpenJDK 64-Bit Server VM (25.212-b04 mixed mode windows-amd64 compressed oops)
Heap:
 PSYoungGen      total 236032K, used 217600K [0x00000000e0000000, 0x00000000eff80000, 0x0000000100000000)
  eden space 217600K, 100% used [0x00000000e0000000,0x00000000ed480000,0x00000000ed480000)
  from space 18432K, 0% used [0x00000000ee980000,0x00000000ee980000,0x00000000efb80000)
  to   space 21504K, 90% used [0x00000000ed480000,0x00000000ee76e9e8,0x00000000ee980000)
 ParOldGen       total 133632K, used 34256K [0x00000000a0000000, 0x00000000a8280000, 0x00000000e0000000)
  object space 133632K, 25% used [0x00000000a0000000,0x00000000a2174028,0x00000000a8280000)
 Metaspace       used 71848K, capacity 74661K, committed 74712K, reserved 1114112K
  class space    used 9841K, capacity 10440K, committed 10456K, reserved 1048576K
GC Heap History (10 events):
Event: 12.473 GC heap after
Heap after GC invocations=9 (full 1):
 PSYoungGen      total 185344K, used 8083K [0x00000000e0000000, 0x00000000ee880000, 0x0000000100000000)
  eden space 171520K, 0% used [0x00000000e0000000,0x00000000e0000000,0x00000000ea780000)
  from space 13824K, 58% used [0x00000000eb480000,0x00000000ebc64df0,0x00000000ec200000)
  to   space 13312K, 0% used [0x00000000ea780000,0x00000000ea780000,0x00000000eb480000)
 ParOldGen       total 63488K, used 12194K [0x00000000a0000000, 0x00000000a3e00000, 0x00000000e0000000)
  object space 63488K, 19% used [0x00000000a0000000,0x00000000a0be8a98,0x00000000a3e00000)
 Metaspace       used 34557K, capacity 35398K, committed 35456K, reserved 1079296K
  class space    used 4729K, capacity 4958K, committed 4992K, reserved 1048576K
}
Event: 12.473 GC heap before
{Heap before GC invocations=10 (full 2):
 PSYoungGen      total 185344K, used 8083K [0x00000000e0000000, 0x00000000ee880000, 0x0000000100000000)
  eden space 171520K, 0% used [0x00000000e0000000,0x00000000e0000000,0x00000000ea780000)
  from space 13824K, 58% used [0x00000000eb480000,0x00000000ebc64df0,0x00000000ec200000)
  to   space 13312K, 0% used [0x00000000ea780000,0x00000000ea780000,0x00000000eb480000)
 ParOldGen       total 63488K, used 12194K [0x00000000a0000000, 0x00000000a3e00000, 0x00000000e0000000)
  object space 63488K, 19% used [0x00000000a0000000,0x00000000a0be8a98,0x00000000a3e00000)
 Metaspace       used 34557K, capacity 35398K, committed 35456K, reserved 1079296K
  class space    used 4729K, capacity 4958K, committed 4992K, reserved 1048576K
Event: 12.646 GC heap after
Heap after GC invocations=10 (full 2):
 PSYoungGen      total 185344K, used 0K [0x00000000e0000000, 0x00000000ee880000, 0x0000000100000000)
  eden space 171520K, 0% used [0x00000000e0000000,0x00000000e0000000,0x00000000ea780000)
  from space 13824K, 0% used [0x00000000eb480000,0x00000000eb480000,0x00000000ec200000)
  to   space 13312K, 0% used [0x00000000ea780000,0x00000000ea780000,0x00000000eb480000)
 ParOldGen       total 86528K, used 15260K [0x00000000a0000000, 0x00000000a5480000, 0x00000000e0000000)
  object space 86528K, 17% used [0x00000000a0000000,0x00000000a0ee7060,0x00000000a5480000)
 Metaspace       used 34555K, capacity 35392K, committed 35456K, reserved 1079296K
  class space    used 4729K, capacity 4957K, committed 4992K, reserved 1048576K
}
Event: 17.696 GC heap before
{Heap before GC invocations=11 (full 2):
 PSYoungGen      total 185344K, used 171520K [0x00000000e0000000, 0x00000000ee880000, 0x0000000100000000)
  eden space 171520K, 100% used [0x00000000e0000000,0x00000000ea780000,0x00000000ea780000)
  from space 13824K, 0% used [0x00000000eb480000,0x00000000eb480000,0x00000000ec200000)
  to   space 13312K, 0% used [0x00000000ea780000,0x00000000ea780000,0x00000000eb480000)
 ParOldGen       total 86528K, used 15260K [0x00000000a0000000, 0x00000000a5480000, 0x00000000e0000000)
  object space 86528K, 17% used [0x00000000a0000000,0x00000000a0ee7060,0x00000000a5480000)
 Metaspace       used 51315K, capacity 52930K, committed 52992K, reserved 1095680K
  class space    used 6979K, capacity 7376K, committed 7424K, reserved 1048576K
Event: 17.727 GC heap after
Heap after GC invocations=11 (full 2):
 PSYoungGen      total 184832K, used 13310K [0x00000000e0000000, 0x00000000efb80000, 0x0000000100000000)
  eden space 171520K, 0% used [0x00000000e0000000,0x00000000e0000000,0x00000000ea780000)
  from space 13312K, 99% used [0x00000000ea780000,0x00000000eb47fb78,0x00000000eb480000)
  to   space 18432K, 0% used [0x00000000ee980000,0x00000000ee980000,0x00000000efb80000)
 ParOldGen       total 86528K, used 23829K [0x00000000a0000000, 0x00000000a5480000, 0x00000000e0000000)
  object space 86528K, 27% used [0x00000000a0000000,0x00000000a1745640,0x00000000a5480000)
 Metaspace       used 51315K, capacity 52930K, committed 52992K, reserved 1095680K
  class space    used 6979K, capacity 7376K, committed 7424K, reserved 1048576K
}
Event: 20.348 GC heap before
{Heap before GC invocations=12 (full 2):
 PSYoungGen      total 184832K, used 102614K [0x00000000e0000000, 0x00000000efb80000, 0x0000000100000000)
  eden space 171520K, 52% used [0x00000000e0000000,0x00000000e5735de0,0x00000000ea780000)
  from space 13312K, 99% used [0x00000000ea780000,0x00000000eb47fb78,0x00000000eb480000)
  to   space 18432K, 0% used [0x00000000ee980000,0x00000000ee980000,0x00000000efb80000)
 ParOldGen       total 86528K, used 23829K [0x00000000a0000000, 0x00000000a5480000, 0x00000000e0000000)
  object space 86528K, 27% used [0x00000000a0000000,0x00000000a1745640,0x00000000a5480000)
 Metaspace       used 57164K, capacity 59031K, committed 59096K, reserved 1099776K
  class space    used 7892K, capacity 8343K, committed 8408K, reserved 1048576K
Event: 20.384 GC heap after
Heap after GC invocations=12 (full 2):
 PSYoungGen      total 236032K, used 18401K [0x00000000e0000000, 0x00000000eff80000, 0x0000000100000000)
  eden space 217600K, 0% used [0x00000000e0000000,0x00000000e0000000,0x00000000ed480000)
  from space 18432K, 99% used [0x00000000ee980000,0x00000000efb787d0,0x00000000efb80000)
  to   space 21504K, 0% used [0x00000000ed480000,0x00000000ed480000,0x00000000ee980000)
 ParOldGen       total 86528K, used 25458K [0x00000000a0000000, 0x00000000a5480000, 0x00000000e0000000)
  object space 86528K, 29% used [0x00000000a0000000,0x00000000a18dca80,0x00000000a5480000)
 Metaspace       used 57164K, capacity 59031K, committed 59096K, reserved 1099776K
  class space    used 7892K, capacity 8343K, committed 8408K, reserved 1048576K
}
Event: 20.384 GC heap before
{Heap before GC invocations=13 (full 3):
 PSYoungGen      total 236032K, used 18401K [0x00000000e0000000, 0x00000000eff80000, 0x0000000100000000)
  eden space 217600K, 0% used [0x00000000e0000000,0x00000000e0000000,0x00000000ed480000)
  from space 18432K, 99% used [0x00000000ee980000,0x00000000efb787d0,0x00000000efb80000)
  to   space 21504K, 0% used [0x00000000ed480000,0x00000000ed480000,0x00000000ee980000)
 ParOldGen       total 86528K, used 25458K [0x00000000a0000000, 0x00000000a5480000, 0x00000000e0000000)
  object space 86528K, 29% used [0x00000000a0000000,0x00000000a18dca80,0x00000000a5480000)
 Metaspace       used 57164K, capacity 59031K, committed 59096K, reserved 1099776K
  class space    used 7892K, capacity 8343K, committed 8408K, reserved 1048576K
Event: 20.870 GC heap after
Heap after GC invocations=13 (full 3):
 PSYoungGen      total 236032K, used 0K [0x00000000e0000000, 0x00000000eff80000, 0x0000000100000000)
  eden space 217600K, 0% used [0x00000000e0000000,0x00000000e0000000,0x00000000ed480000)
  from space 18432K, 0% used [0x00000000ee980000,0x00000000ee980000,0x00000000efb80000)
  to   space 21504K, 0% used [0x00000000ed480000,0x00000000ed480000,0x00000000ee980000)
 ParOldGen       total 133632K, used 34248K [0x00000000a0000000, 0x00000000a8280000, 0x00000000e0000000)
  object space 133632K, 25% used [0x00000000a0000000,0x00000000a2172028,0x00000000a8280000)
 Metaspace       used 57106K, capacity 58893K, committed 59096K, reserved 1099776K
  class space    used 7873K, capacity 8310K, committed 8408K, reserved 1048576K
}
Event: 28.477 GC heap before
{Heap before GC invocations=14 (full 3):
 PSYoungGen      total 236032K, used 217600K [0x00000000e0000000, 0x00000000eff80000, 0x0000000100000000)
  eden space 217600K, 100% used [0x00000000e0000000,0x00000000ed480000,0x00000000ed480000)
  from space 18432K, 0% used [0x00000000ee980000,0x00000000ee980000,0x00000000efb80000)
  to   space 21504K, 0% used [0x00000000ed480000,0x00000000ed480000,0x00000000ee980000)
 ParOldGen       total 133632K, used 34248K [0x00000000a0000000, 0x00000000a8280000, 0x00000000e0000000)
  object space 133632K, 25% used [0x00000000a0000000,0x00000000a2172028,0x00000000a8280000)
 Metaspace       used 71848K, capacity 74661K, committed 74712K, reserved 1114112K
  class space    used 9841K, capacity 10440K, committed 10456K, reserved 1048576K

